<?xml version="1.0" encoding="UTF-8"?>
<testsuite xmlns:xsi="http://www.w3.org/2001/XMLSchema-instance" xsi:noNamespaceSchemaLocation="https://maven.apache.org/surefire/maven-surefire-plugin/xsd/surefire-test-report.xsd" name="cs636.pizza.dao.MenuDAOTest" time="1.936" tests="2" errors="0" skipped="0" failures="0">
  <properties>
[...]
</properties>
  <testcase name="testCreateTopping" classname="cs636.pizza.dao.MenuDAOTest" time="0.27"/>
  <testcase name="testCreateSize" classname="cs636.pizza.dao.MenuDAOTest" time="0.007"/>
</testsuite>